10:07:00 PM | Simulation Triggered | Scenario: heavy_rainfall
10:07:00 PM | Weather Anomaly Created | Zone: CSM International Airport
10:07:02 PM | Agent Decision | Set 5 poles to 85% brightness.
10:07:08 PM | Simulation Triggered | Scenario: dense_fog
10:07:08 PM | Agent Decision | Set 5 poles to 85% brightness.
10:23:25 PM | Simulation Triggered | Scenario: heavy_rainfall
10:23:25 PM | Weather Anomaly Created | Zone: CSM International Airport
10:23:25 PM | Agent Decision | Set 5 poles to 85% brightness.
10:26:31 PM | Simulation Triggered | Scenario: heavy_rainfall
10:26:31 PM | Weather Anomaly Created | Zone: CSM International Airport
10:26:31 PM | Agent Decision | Set 5 poles to 85% brightness.
10:26:32 PM | Simulation Triggered | Scenario: dense_fog
10:26:33 PM | Agent Decision | Set 5 poles to 85% brightness.
10:26:34 PM | Simulation Triggered | Scenario: cyclone_alert
10:26:34 PM | Agent Decision | Set 5 poles to 85% brightness.
10:26:35 PM | Simulation Triggered | Scenario: clear_sky
10:26:36 PM | Agent Decision | Set 5 poles to 85% brightness.
10:32:55 PM | Simulation Triggered | Scenario: heavy_rainfall
10:32:55 PM | Weather Anomaly Created | Zone: CSM International Airport
10:32:55 PM | Agent Decision | Set 5 poles to 85% brightness.
12:15:01 AM | Simulation Triggered | Scenario: dense_fog
12:15:02 AM | Agent Decision | Set 5 poles to 85% brightness.
12:18:27 AM | Simulation Triggered | Scenario: cyclone_alert
12:18:27 AM | Weather Anomaly Created | Zone: CSM International Airport
12:18:28 AM | Agent Decision | Set 5 poles to 85% brightness.
12:19:26 AM | Simulation Triggered | Scenario: cyclone_alert
12:19:26 AM | Weather Anomaly Created | Zone: CSM International Airport
12:19:26 AM | Agent Decision | Set 5 poles to 85% brightness.
12:20:56 AM | Simulation Triggered | Scenario: heavy_rainfall
12:20:56 AM | Weather Anomaly Created | Zone: CSM International Airport
12:20:56 AM | Agent Decision | Set 5 poles to 85% brightness.
12:24:58 AM | Simulation Triggered | Scenario: dense_fog
12:24:58 AM | Agent Decision | Set 5 poles to 85% brightness.
12:37:17 AM | Simulation Triggered | Scenario: dense_fog
12:37:18 AM | Agent Decision | Set 5 poles to 85% brightness.
